<?xml version="1.0" encoding="UTF-8"?>
<testsuites name="buy item" time="97.046" tests="1" failures="0" errors="0">
   <testsuite name="buy item" tests="1" failures="0" errors="0" time="97.046" skipped="0" timestamp="13-02-2024T09:09:28" hostname="piawaitrisulo - 172.16.213.168" id="Test Suites/buy item">
      <properties>
         <property name="deviceName" value=""/>
         <property name="devicePlatform" value=""/>
         <property name="logFolder" value="/Users/jalu/git/tugas/Reports/20240213_090924/buy item/20240213_090924"/>
         <property name="logFiles" value="/Users/jalu/git/tugas/Reports/20240213_090924/buy item/20240213_090924/execution0.log"/>
         <property name="attachments" value=""/>
         <property name="hostName" value="piawaitrisulo - 172.16.213.168"/>
         <property name="os" value="Mac OS X 64bit"/>
         <property name="katalonVersion" value="9.3.0.212"/>
         <property name="browser" value="Chrome 121.0.0.0"/>
         <property name="hostAddress" value="172.16.213.168"/>
         <property name="sessionId" value="6e77b64b44984ac4acabcec192b696d5"/>
         <property name="seleniumVersion" value="3.141.59"/>
         <property name="proxyInformation" value="ProxyInformation { proxyOption=NO_PROXY, proxyServerType=HTTP, username=, password=********, proxyServerAddress=, proxyServerPort=0, executionList=&quot;&quot;, isApplyToDesiredCapabilities=true }"/>
         <property name="platform" value="Mac OS X"/>
      </properties>
      <testcase name="Test Cases/buy item/checkout" time="36.841" classname="Test Cases/buy item/checkout" status="PASSED">
         <system-out><![CDATA[13-02-2024T09:10:28 - [TEST_CASE][PASSED] - Test Cases/buy item/checkout: Test Cases/buy item/checkout

13-02-2024T09:10:28 - [TEST_STEP][PASSED] - openBrowser(""): Browser is opened with url: ''

13-02-2024T09:10:28 - [MESSAGE][WARNING] - A browser is already opened. Closing browser and opening a new one

13-02-2024T09:10:28 - [MESSAGE][INFO] - Starting 'Chrome' driver

13-02-2024T09:10:28 - [MESSAGE][INFO] - Action delay is set to 0 milliseconds

13-02-2024T09:10:29 - [MESSAGE][PASSED] - Browser is opened with url: ''

13-02-2024T09:10:29 - [TEST_STEP][PASSED] - navigateToUrl(url): Navigate to 'https://advantageonlineshopping.com/' successfully

13-02-2024T09:10:31 - [MESSAGE][PASSED] - Navigate to 'https://advantageonlineshopping.com/' successfully

13-02-2024T09:10:31 - [TEST_STEP][PASSED] - delay(10): Delayed 10 second(s)

13-02-2024T09:10:41 - [MESSAGE][PASSED] - Delayed 10 second(s)

13-02-2024T09:10:41 - [TEST_STEP][PASSED] - click(findTestObject("Object Repository/user/login/svg_CHECKOUT  (0.00)_menuUser")): Object: 'Object Repository/user/login/svg_CHECKOUT  (0.00)_menuUser' is clicked on

13-02-2024T09:10:42 - [MESSAGE][PASSED] - Object: 'Object Repository/user/login/svg_CHECKOUT  (0.00)_menuUser' is clicked on

13-02-2024T09:10:42 - [TEST_STEP][PASSED] - setText(findTestObject("Object Repository/user/login/input_OR_username"), "jalu1"): Text 'jalu1' is set on object 'Object Repository/user/login/input_OR_username'

13-02-2024T09:10:42 - [MESSAGE][PASSED] - Text 'jalu1' is set on object 'Object Repository/user/login/input_OR_username'

13-02-2024T09:10:42 - [TEST_STEP][PASSED] - setText(findTestObject("Object Repository/user/login/input_Username_password"), "Testing1"): Text 'Testing1' is set on object 'Object Repository/user/login/input_Username_password'

13-02-2024T09:10:44 - [MESSAGE][PASSED] - Text 'Testing1' is set on object 'Object Repository/user/login/input_Username_password'

13-02-2024T09:10:44 - [TEST_STEP][PASSED] - click(findTestObject("Object Repository/user/login/button_SIGN IN")): Object: 'Object Repository/user/login/button_SIGN IN' is clicked on

13-02-2024T09:10:44 - [MESSAGE][PASSED] - Object: 'Object Repository/user/login/button_SIGN IN' is clicked on

13-02-2024T09:10:44 - [TEST_STEP][PASSED] - delay(3): Delayed 3 second(s)

13-02-2024T09:10:47 - [MESSAGE][PASSED] - Delayed 3 second(s)

13-02-2024T09:10:47 - [TEST_STEP][PASSED] - click(findTestObject("Object Repository/buy item/Page_Advantage Shopping (1)/a_POPULAR ITEMS")): Object: 'Object Repository/buy item/Page_Advantage Shopping (1)/a_POPULAR ITEMS' is clicked on

13-02-2024T09:10:48 - [MESSAGE][PASSED] - Object: 'Object Repository/buy item/Page_Advantage Shopping (1)/a_POPULAR ITEMS' is clicked on

13-02-2024T09:10:48 - [TEST_STEP][PASSED] - click(findTestObject("Object Repository/buy item/Page_Advantage Shopping (1)/label_View Details")): Object: 'Object Repository/buy item/Page_Advantage Shopping (1)/label_View Details' is clicked on

13-02-2024T09:10:48 - [MESSAGE][PASSED] - Object: 'Object Repository/buy item/Page_Advantage Shopping (1)/label_View Details' is clicked on

13-02-2024T09:10:48 - [TEST_STEP][PASSED] - delay(2): Delayed 2 second(s)

13-02-2024T09:10:50 - [MESSAGE][PASSED] - Delayed 2 second(s)

13-02-2024T09:10:50 - [TEST_STEP][NOT_RUN] - click(findTestObject("Object Repository/buy item/Page_Advantage Shopping (1)/div_Quantity_plus")): NOT_RUN: click(findTestObject("Object Repository/buy item/Page_Advantage Shopping (1)/div_Quantity_plus"))

13-02-2024T09:10:50 - [MESSAGE][NOT_RUN] - NOT_RUN: click(findTestObject("Object Repository/buy item/Page_Advantage Shopping (1)/div_Quantity_plus"))

13-02-2024T09:10:50 - [TEST_STEP][NOT_RUN] - delay(2): NOT_RUN: delay(2)

13-02-2024T09:10:50 - [MESSAGE][NOT_RUN] - NOT_RUN: delay(2)

13-02-2024T09:10:50 - [TEST_STEP][PASSED] - click(findTestObject("Object Repository/buy item/Page_Advantage Shopping (1)/button_ADD TO CART")): Object: 'Object Repository/buy item/Page_Advantage Shopping (1)/button_ADD TO CART' is clicked on

13-02-2024T09:10:50 - [MESSAGE][PASSED] - Object: 'Object Repository/buy item/Page_Advantage Shopping (1)/button_ADD TO CART' is clicked on

13-02-2024T09:10:50 - [TEST_STEP][PASSED] - click(findTestObject("Object Repository/buy item/Page_Advantage Shopping (1)/svg_Management Console_menuCart")): Object: 'Object Repository/buy item/Page_Advantage Shopping (1)/svg_Management Console_menuCart' is clicked on

13-02-2024T09:10:52 - [MESSAGE][PASSED] - Object: 'Object Repository/buy item/Page_Advantage Shopping (1)/svg_Management Console_menuCart' is clicked on

13-02-2024T09:10:52 - [TEST_STEP][PASSED] - delay(3): Delayed 3 second(s)

13-02-2024T09:10:55 - [MESSAGE][PASSED] - Delayed 3 second(s)

13-02-2024T09:10:55 - [TEST_STEP][PASSED] - tObj = new com.kms.katalon.core.testobject.TestObject(): null

13-02-2024T09:10:55 - [TEST_STEP][PASSED] - tObj.addProperty("xpath", EQUALS, "/html/body/div[3]/section/article/div[1]/table/tbody/tr/td[5]/label[2]"): null

13-02-2024T09:10:55 - [TEST_STEP][PASSED] - error_msg_in_page = getText(tObj): Text of object '' is: '2'

13-02-2024T09:10:55 - [MESSAGE][PASSED] - Text of object '' is: '2'

13-02-2024T09:10:55 - [TEST_STEP][PASSED] - assert error_msg_in_page != "0": null

13-02-2024T09:10:55 - [TEST_STEP][PASSED] - click(findTestObject("Object Repository/buy item/Page_Advantage Shopping (3)/button_CHECKOUT (2,523.98)")): Object: 'Object Repository/buy item/Page_Advantage Shopping (3)/button_CHECKOUT (2,523.98)' is clicked on

13-02-2024T09:10:56 - [MESSAGE][PASSED] - Object: 'Object Repository/buy item/Page_Advantage Shopping (3)/button_CHECKOUT (2,523.98)' is clicked on

13-02-2024T09:10:56 - [TEST_STEP][PASSED] - click(findTestObject("Object Repository/buy item/Page_Advantage Shopping (3)/button_NEXT")): Object: 'Object Repository/buy item/Page_Advantage Shopping (3)/button_NEXT' is clicked on

13-02-2024T09:10:59 - [MESSAGE][PASSED] - Object: 'Object Repository/buy item/Page_Advantage Shopping (3)/button_NEXT' is clicked on

13-02-2024T09:10:59 - [TEST_STEP][PASSED] - click(findTestObject("Object Repository/buy item/Page_Advantage Shopping (3)/button_PAY NOW")): Object: 'Object Repository/buy item/Page_Advantage Shopping (3)/button_PAY NOW' is clicked on

13-02-2024T09:11:00 - [MESSAGE][PASSED] - Object: 'Object Repository/buy item/Page_Advantage Shopping (3)/button_PAY NOW' is clicked on

13-02-2024T09:11:00 - [TEST_STEP][PASSED] - delay(3): Delayed 3 second(s)

13-02-2024T09:11:03 - [MESSAGE][PASSED] - Delayed 3 second(s)

13-02-2024T09:11:03 - [TEST_STEP][PASSED] - closeBrowser(): Browser is closed

13-02-2024T09:11:03 - [MESSAGE][PASSED] - Browser is closed]]></system-out>
         <system-err><![CDATA[]]></system-err>
      </testcase>
      <system-out><![CDATA[13-02-2024T09:09:28 - [TEST_SUITE][FAILED] - buy item: Test Cases/buy item/checkout FAILED.
Reason:
com.kms.katalon.core.exception.StepFailedException: Unable to click on object 'Object Repository/buy item/Page_Advantage Shopping (1)/button_ADD TO CART'
	at com.kms.katalon.core.webui.keyword.internal.WebUIKeywordMain.stepFailed(WebUIKeywordMain.groovy:64)
	at com.kms.katalon.core.webui.keyword.internal.WebUIKeywordMain.runKeyword(WebUIKeywordMain.groovy:26)
	at com.kms.katalon.core.webui.keyword.builtin.ClickKeyword.click(ClickKeyword.groovy:74)
	at com.kms.katalon.core.webui.keyword.builtin.ClickKeyword.execute(ClickKeyword.groovy:40)
	at com.kms.katalon.core.keyword.internal.KeywordExecutor.executeKeywordForPlatform(KeywordExecutor.groovy:74)
	at com.kms.katalon.core.webui.keyword.WebUiBuiltInKeywords.click(WebUiBuiltInKeywords.groovy:659)
	at checkout.run(checkout:48)
	at com.kms.katalon.core.main.ScriptEngine.run(ScriptEngine.java:194)
	at com.kms.katalon.core.main.ScriptEngine.runScriptAsRawText(ScriptEngine.java:119)
	at com.kms.katalon.core.main.TestCaseExecutor.runScript(TestCaseExecutor.java:448)
	at com.kms.katalon.core.main.TestCaseExecutor.doExecute(TestCaseExecutor.java:439)
	at com.kms.katalon.core.main.TestCaseExecutor.processExecutionPhase(TestCaseExecutor.java:418)
	at com.kms.katalon.core.main.TestCaseExecutor.accessMainPhase(TestCaseExecutor.java:410)
	at com.kms.katalon.core.main.TestCaseExecutor.execute(TestCaseExecutor.java:285)
	at com.kms.katalon.core.common.CommonExecutor.accessTestCaseMainPhase(CommonExecutor.java:65)
	at com.kms.katalon.core.main.TestSuiteExecutor.accessTestSuiteMainPhase(TestSuiteExecutor.java:148)
	at com.kms.katalon.core.main.TestSuiteExecutor.execute(TestSuiteExecutor.java:106)
	at com.kms.katalon.core.main.TestCaseMain.startTestSuite(TestCaseMain.java:180)
	at TempTestSuite1707790164140.run(TempTestSuite1707790164140.groovy:36)
	at java.base/jdk.internal.reflect.NativeMethodAccessorImpl.invoke0(Native Method)
	at java.base/jdk.internal.reflect.NativeMethodAccessorImpl.invoke(NativeMethodAccessorImpl.java:77)
	at java.base/jdk.internal.reflect.DelegatingMethodAccessorImpl.invoke(DelegatingMethodAccessorImpl.java:43)
Caused by: com.kms.katalon.core.webui.exception.WebElementNotFoundException: Web element with id: 'Object Repository/buy item/Page_Advantage Shopping (1)/button_ADD TO CART' located by '//button[@name='save_to_cart']' not found
	at com.kms.katalon.core.webui.common.WebUiCommonHelper.findWebElement(WebUiCommonHelper.java:1379)
	at com.kms.katalon.core.webui.keyword.internal.WebUIAbstractKeyword.findWebElement(WebUIAbstractKeyword.groovy:27)
	at com.kms.katalon.core.webui.keyword.builtin.ClickKeyword$_click_closure1.doCall(ClickKeyword.groovy:65)
	at com.kms.katalon.core.webui.keyword.builtin.ClickKeyword$_click_closure1.call(ClickKeyword.groovy)
	at com.kms.katalon.core.webui.keyword.internal.WebUIKeywordMain.runKeyword(WebUIKeywordMain.groovy:20)
	... 20 more]]></system-out>
      <system-err><![CDATA[13-02-2024T09:09:28 - [TEST_SUITE][FAILED] - buy item: Test Cases/buy item/checkout FAILED.
Reason:
com.kms.katalon.core.exception.StepFailedException: Unable to click on object 'Object Repository/buy item/Page_Advantage Shopping (1)/button_ADD TO CART'
	at com.kms.katalon.core.webui.keyword.internal.WebUIKeywordMain.stepFailed(WebUIKeywordMain.groovy:64)
	at com.kms.katalon.core.webui.keyword.internal.WebUIKeywordMain.runKeyword(WebUIKeywordMain.groovy:26)
	at com.kms.katalon.core.webui.keyword.builtin.ClickKeyword.click(ClickKeyword.groovy:74)
	at com.kms.katalon.core.webui.keyword.builtin.ClickKeyword.execute(ClickKeyword.groovy:40)
	at com.kms.katalon.core.keyword.internal.KeywordExecutor.executeKeywordForPlatform(KeywordExecutor.groovy:74)
	at com.kms.katalon.core.webui.keyword.WebUiBuiltInKeywords.click(WebUiBuiltInKeywords.groovy:659)
	at checkout.run(checkout:48)
	at com.kms.katalon.core.main.ScriptEngine.run(ScriptEngine.java:194)
	at com.kms.katalon.core.main.ScriptEngine.runScriptAsRawText(ScriptEngine.java:119)
	at com.kms.katalon.core.main.TestCaseExecutor.runScript(TestCaseExecutor.java:448)
	at com.kms.katalon.core.main.TestCaseExecutor.doExecute(TestCaseExecutor.java:439)
	at com.kms.katalon.core.main.TestCaseExecutor.processExecutionPhase(TestCaseExecutor.java:418)
	at com.kms.katalon.core.main.TestCaseExecutor.accessMainPhase(TestCaseExecutor.java:410)
	at com.kms.katalon.core.main.TestCaseExecutor.execute(TestCaseExecutor.java:285)
	at com.kms.katalon.core.common.CommonExecutor.accessTestCaseMainPhase(CommonExecutor.java:65)
	at com.kms.katalon.core.main.TestSuiteExecutor.accessTestSuiteMainPhase(TestSuiteExecutor.java:148)
	at com.kms.katalon.core.main.TestSuiteExecutor.execute(TestSuiteExecutor.java:106)
	at com.kms.katalon.core.main.TestCaseMain.startTestSuite(TestCaseMain.java:180)
	at TempTestSuite1707790164140.run(TempTestSuite1707790164140.groovy:36)
	at java.base/jdk.internal.reflect.NativeMethodAccessorImpl.invoke0(Native Method)
	at java.base/jdk.internal.reflect.NativeMethodAccessorImpl.invoke(NativeMethodAccessorImpl.java:77)
	at java.base/jdk.internal.reflect.DelegatingMethodAccessorImpl.invoke(DelegatingMethodAccessorImpl.java:43)
Caused by: com.kms.katalon.core.webui.exception.WebElementNotFoundException: Web element with id: 'Object Repository/buy item/Page_Advantage Shopping (1)/button_ADD TO CART' located by '//button[@name='save_to_cart']' not found
	at com.kms.katalon.core.webui.common.WebUiCommonHelper.findWebElement(WebUiCommonHelper.java:1379)
	at com.kms.katalon.core.webui.keyword.internal.WebUIAbstractKeyword.findWebElement(WebUIAbstractKeyword.groovy:27)
	at com.kms.katalon.core.webui.keyword.builtin.ClickKeyword$_click_closure1.doCall(ClickKeyword.groovy:65)
	at com.kms.katalon.core.webui.keyword.builtin.ClickKeyword$_click_closure1.call(ClickKeyword.groovy)
	at com.kms.katalon.core.webui.keyword.internal.WebUIKeywordMain.runKeyword(WebUIKeywordMain.groovy:20)
	... 20 more]]></system-err>
   </testsuite>
</testsuites>
